+libext+.v
-ssy
-ssv

+incdir+$PRJDIR/cbb
+incdir+$PRJDIR/src/flash
+incdir+$PRJDIR/src/gpio
+incdir+$PRJDIR/src/sdram_controller
+incdir+$PRJDIR/src/uart
+incdir+$PRJDIR/src/wb_conmax
+incdir+$PRJDIR/src/OpenMIPS

-y $PRJDIR/cbb
-y $PRJDIR/src/flash
-y $PRJDIR/src/gpio
-y $PRJDIR/src/sdram_controller
-y $PRJDIR/src/uart
-y $PRJDIR/src/wb_conmax
-y $PRJDIR/src/OpenMIPS
// --------------------> top wrapper
//$PRJDIR/src/openmips_min_scop.v       // Altera DE2
$PRJDIR/src/openmips_min_scop_sram.v    // Xilinx zynq7010
$PRJDIR/src/openmips_min_scop_sram_top.v  // integrate sram
//$PRJDIR/tb/openmips_min_scop_tb.sv    // sim
$PRJDIR/tb/openmips_min_scop_sram_top_tb.sv    // sim
